TN:
SF:back\server.js
FN:13,(anonymous_0)
FN:17,(anonymous_1)
FN:29,(anonymous_2)
FN:36,(anonymous_3)
FNF:4
FNH:2
FNDA:1,(anonymous_0)
FNDA:2,(anonymous_1)
FNDA:0,(anonymous_2)
FNDA:0,(anonymous_3)
DA:1,1
DA:2,1
DA:3,1
DA:4,1
DA:5,1
DA:7,1
DA:8,1
DA:9,1
DA:11,1
DA:13,1
DA:14,1
DA:17,1
DA:18,2
DA:19,2
DA:21,2
DA:22,1
DA:23,1
DA:26,2
DA:29,1
DA:30,0
DA:35,1
DA:36,0
DA:37,0
DA:41,1
LF:24
LH:21
BRDA:5,0,0,1
BRDA:5,0,1,1
BRDA:21,1,0,1
BRDA:21,1,1,1
BRDA:21,2,0,2
BRDA:21,2,1,2
BRDA:23,3,0,1
BRDA:23,3,1,0
BRDA:35,4,0,0
BRDA:35,4,1,1
BRF:10
BRH:8
end_of_record
