TN:
SF:back\server.js
FN:23,updateBotState
FN:30,(anonymous_1)
FN:35,(anonymous_2)
FN:48,(anonymous_3)
FN:53,(anonymous_4)
FN:59,(anonymous_5)
FNF:6
FNH:4
FNDA:1,updateBotState
FNDA:1,(anonymous_1)
FNDA:2,(anonymous_2)
FNDA:0,(anonymous_3)
FNDA:1,(anonymous_4)
FNDA:0,(anonymous_5)
DA:1,1
DA:2,1
DA:3,1
DA:4,1
DA:5,1
DA:8,1
DA:11,1
DA:14,1
DA:17,1
DA:24,1
DA:25,1
DA:26,1
DA:30,1
DA:31,1
DA:35,1
DA:36,2
DA:39,2
DA:40,2
DA:41,1
DA:44,2
DA:48,1
DA:49,0
DA:53,1
DA:54,1
DA:58,1
DA:59,0
DA:60,0
DA:64,1
LF:28
LH:25
BRDA:5,0,0,1
BRDA:5,0,1,1
BRDA:23,1,0,0
BRDA:40,2,0,1
BRDA:40,2,1,1
BRDA:40,3,0,2
BRDA:40,3,1,2
BRDA:41,4,0,1
BRDA:41,4,1,0
BRDA:58,5,0,0
BRDA:58,5,1,1
BRF:11
BRH:8
end_of_record
